2014-09-21 03:14:20.466 Hydratr[36795:70b] Multi-tasking -> Device: YES, App: YES
2014-09-21 03:14:20.526 Hydratr[36795:70b] Unlimited access to network resources
2014-09-21 03:14:20.529 Hydratr[36795:70b]

Started backup to iCloud! Please be careful.
Your application might rejected by Apple if you store too much data.
For more information please read "iOS Data Storage Guidelines"
You could find it at the following address https://developer.apple.com/icloud/documentation/data-storage/ .

2014-09-21 03:14:20.830 Hydratr[36795:70b] Resetting plugins due to page load.
2014-09-21 03:14:20.919 Hydratr[36795:70b] Finished load of: file:///Users/Gene/Library/Application%20Support/iPhone%20Simulator/7.1/Applications/840C6540-B301-48C9-B80D-7C83893D1C39/Hydratr.app/www/index.html
2014-09-21 03:26:01.388 Hydratr[99176:2360861] DiskCookieStorage changing policy from 2 to 0, cookie file: file:///Users/Stephen/Library/Developer/CoreSimulator/Devices/66529937-15D8-4B36-A737-864CCF47D43B/data/Containers/Data/Application/3E741265-B4CC-4946-A93D-918CBF9E921B/Library/Cookies/Cookies.binarycookies
2014-09-21 03:26:01.464 Hydratr[99176:2360861] Multi-tasking -> Device: YES, App: YES
2014-09-21 03:26:01.487 Hydratr[99176:2360861] Unlimited access to network resources
2014-09-21 03:26:01.492 Hydratr[99176:2360861]

Started backup to iCloud! Please be careful.
Your application might rejected by Apple if you store too much data.
For more information please read "iOS Data Storage Guidelines"
You could find it at the following address https://developer.apple.com/icloud/documentation/data-storage/ .

2014-09-21 03:26:02.202 Hydratr[99176:2360861] Resetting plugins due to page load.
2014-09-21 03:26:02.328 Hydratr[99176:2360861] Finished load of: file:///Users/Stephen/Library/Developer/CoreSimulator/Devices/66529937-15D8-4B36-A737-864CCF47D43B/data/Containers/Bundle/Application/803FE12B-E3CB-4E77-87AD-0A1E83E738E9/Hydratr.app/www/index.html
2014-09-21 03:26:29.202 Hydratr[99371:2362372] DiskCookieStorage changing policy from 2 to 0, cookie file: file:///Users/Stephen/Library/Developer/CoreSimulator/Devices/66529937-15D8-4B36-A737-864CCF47D43B/data/Containers/Data/Application/A4A948C4-762A-4BB9-A106-E70333FFE80E/Library/Cookies/Cookies.binarycookies
2014-09-21 03:26:29.303 Hydratr[99371:2362372] Multi-tasking -> Device: YES, App: YES
2014-09-21 03:26:29.310 Hydratr[99371:2362372] Unlimited access to network resources
2014-09-21 03:26:29.314 Hydratr[99371:2362372]

Started backup to iCloud! Please be careful.
Your application might rejected by Apple if you store too much data.
For more information please read "iOS Data Storage Guidelines"
You could find it at the following address https://developer.apple.com/icloud/documentation/data-storage/ .

2014-09-21 03:26:29.489 Hydratr[99371:2362372] Resetting plugins due to page load.
2014-09-21 03:26:29.536 Hydratr[99371:2362372] Finished load of: file:///Users/Stephen/Library/Developer/CoreSimulator/Devices/66529937-15D8-4B36-A737-864CCF47D43B/data/Containers/Bundle/Application/6D720862-AE20-4E81-A001-F98B55512124/Hydratr.app/www/index.html
2014-09-21 04:19:56.521 Hydratr[38453:70b] Multi-tasking -> Device: YES, App: YES
2014-09-21 04:19:56.527 Hydratr[38453:70b] Unlimited access to network resources
2014-09-21 04:19:56.530 Hydratr[38453:70b]

2014-09-21 09:29:19.223 Hydratr[53541:70b] Multi-tasking -> Device: YES, App: YES
2014-09-21 09:29:19.229 Hydratr[53541:70b] Unlimited access to network resources
2014-09-21 09:29:19.231 Hydratr[53541:70b] 

Started backup to iCloud! Please be careful.
Your application might rejected by Apple if you store too much data.
For more information please read "iOS Data Storage Guidelines"
You could find it at the following address https://developer.apple.com/icloud/documentation/data-storage/ .

2014-09-21 09:29:19.252 Hydratr[53541:70b] active
2014-09-21 09:29:19.280 Hydratr[53541:70b] Resetting plugins due to page load.
2014-09-21 09:29:19.314 Hydratr[53541:70b] Finished load of: file:///Users/Gene/Library/Application%20Support/iPhone%20Simulator/7.1/Applications/840C6540-B301-48C9-B80D-7C83893D1C39/Hydratr.app/www/index.html
2014-09-21 09:29:26.046 Hydratr[53541:70b] active
2014-09-21 09:29:32.090 Hydratr[53541:70b] active
2014-09-21 09:29:47.995 Hydratr[53541:70b] Resetting plugins due to page load.
2014-09-21 09:29:48.029 Hydratr[53541:70b] Finished load of: file:///Users/Gene/Library/Application%20Support/iPhone%20Simulator/7.1/Applications/840C6540-B301-48C9-B80D-7C83893D1C39/Hydratr.app/www/index.html
2014-09-21 09:31:04.281 Hydratr[53815:70b] Multi-tasking -> Device: YES, App: YES
2014-09-21 09:31:04.288 Hydratr[53815:70b] Unlimited access to network resources
2014-09-21 09:31:04.290 Hydratr[53815:70b] 

Started backup to iCloud! Please be careful.
Your application might rejected by Apple if you store too much data.
For more information please read "iOS Data Storage Guidelines"
You could find it at the following address https://developer.apple.com/icloud/documentation/data-storage/ .

2014-09-21 09:31:04.310 Hydratr[53815:70b] active
2014-09-21 09:31:04.335 Hydratr[53815:70b] Resetting plugins due to page load.
2014-09-21 09:31:04.375 Hydratr[53815:70b] Finished load of: file:///Users/Gene/Library/Application%20Support/iPhone%20Simulator/7.1/Applications/840C6540-B301-48C9-B80D-7C83893D1C39/Hydratr.app/www/index.html
2014-09-21 09:31:09.412 Hydratr[53815:70b] active
2014-09-21 09:31:16.767 Hydratr[53815:70b] Resetting plugins due to page load.
2014-09-21 09:31:16.816 Hydratr[53815:70b] Finished load of: file:///Users/Gene/Library/Application%20Support/iPhone%20Simulator/7.1/Applications/840C6540-B301-48C9-B80D-7C83893D1C39/Hydratr.app/www/index.html
2014-09-21 09:32:34.642 Hydratr[54085:70b] Multi-tasking -> Device: YES, App: YES
2014-09-21 09:32:34.648 Hydratr[54085:70b] Unlimited access to network resources
2014-09-21 09:32:34.651 Hydratr[54085:70b] 

Started backup to iCloud! Please be careful.
Your application might rejected by Apple if you store too much data.
For more information please read "iOS Data Storage Guidelines"
You could find it at the following address https://developer.apple.com/icloud/documentation/data-storage/ .

2014-09-21 09:32:34.671 Hydratr[54085:70b] active
2014-09-21 09:32:34.695 Hydratr[54085:70b] Resetting plugins due to page load.
2014-09-21 09:32:34.754 Hydratr[54085:70b] Finished load of: file:///Users/Gene/Library/Application%20Support/iPhone%20Simulator/7.1/Applications/840C6540-B301-48C9-B80D-7C83893D1C39/Hydratr.app/www/index.html
2014-09-21 09:32:38.877 Hydratr[54085:70b] active
2014-09-21 09:32:47.018 Hydratr[54085:70b] Resetting plugins due to page load.
2014-09-21 09:32:47.078 Hydratr[54085:70b] Finished load of: file:///Users/Gene/Library/Application%20Support/iPhone%20Simulator/7.1/Applications/840C6540-B301-48C9-B80D-7C83893D1C39/Hydratr.app/www/index.html
2014-09-21 09:35:29.661 Hydratr[54485:70b] Multi-tasking -> Device: YES, App: YES
2014-09-21 09:35:29.667 Hydratr[54485:70b] Unlimited access to network resources
2014-09-21 09:35:29.669 Hydratr[54485:70b] 

Started backup to iCloud! Please be careful.
Your application might rejected by Apple if you store too much data.
For more information please read "iOS Data Storage Guidelines"
You could find it at the following address https://developer.apple.com/icloud/documentation/data-storage/ .

2014-09-21 09:35:29.688 Hydratr[54485:70b] active
2014-09-21 09:35:29.712 Hydratr[54485:70b] Resetting plugins due to page load.
2014-09-21 09:35:29.761 Hydratr[54485:70b] Finished load of: file:///Users/Gene/Library/Application%20Support/iPhone%20Simulator/7.1/Applications/840C6540-B301-48C9-B80D-7C83893D1C39/Hydratr.app/www/index.html
2014-09-21 09:35:35.137 Hydratr[54485:70b] active
2014-09-21 09:35:45.960 Hydratr[54485:70b] Resetting plugins due to page load.
2014-09-21 09:35:46.019 Hydratr[54485:70b] Finished load of: file:///Users/Gene/Library/Application%20Support/iPhone%20Simulator/7.1/Applications/840C6540-B301-48C9-B80D-7C83893D1C39/Hydratr.app/www/index.html
2014-09-21 09:41:05.075 Hydratr[55138:70b] Multi-tasking -> Device: YES, App: YES
2014-09-21 09:41:05.081 Hydratr[55138:70b] Unlimited access to network resources
2014-09-21 09:41:05.083 Hydratr[55138:70b] 

Started backup to iCloud! Please be careful.
Your application might rejected by Apple if you store too much data.
For more information please read "iOS Data Storage Guidelines"
You could find it at the following address https://developer.apple.com/icloud/documentation/data-storage/ .

2014-09-21 09:41:05.104 Hydratr[55138:70b] active
2014-09-21 09:41:05.129 Hydratr[55138:70b] Resetting plugins due to page load.
2014-09-21 09:41:05.183 Hydratr[55138:70b] Finished load of: file:///Users/Gene/Library/Application%20Support/iPhone%20Simulator/7.1/Applications/840C6540-B301-48C9-B80D-7C83893D1C39/Hydratr.app/www/index.html
2014-09-21 09:41:09.362 Hydratr[55138:70b] active
2014-09-21 09:41:24.121 Hydratr[55138:70b] Resetting plugins due to page load.
2014-09-21 09:41:24.173 Hydratr[55138:70b] Finished load of: file:///Users/Gene/Library/Application%20Support/iPhone%20Simulator/7.1/Applications/840C6540-B301-48C9-B80D-7C83893D1C39/Hydratr.app/www/index.html
