0 info it worked if it ends with ok
1 verbose cli [ 'node', '/usr/local/bin/npm', 'install', '-g', 'ios-sim' ]
2 info using npm@2.0.0
3 info using node@v0.10.20
4 verbose cache add [ 'ios-sim', null ]
5 verbose cache add spec="ios-sim" args=["ios-sim",null]
6 verbose parsed spec { raw: 'ios-sim',
6 verbose parsed spec   scope: null,
6 verbose parsed spec   name: 'ios-sim',
6 verbose parsed spec   rawSpec: '',
6 verbose parsed spec   spec: '*',
6 verbose parsed spec   type: 'range' }
7 verbose parsed spec { raw: 'ios-sim',
7 verbose parsed spec   scope: null,
7 verbose parsed spec   name: 'ios-sim',
7 verbose parsed spec   rawSpec: '',
7 verbose parsed spec   spec: '*',
7 verbose parsed spec   type: 'range' }
8 verbose addNamed [ 'ios-sim', '*' ]
9 verbose addNamed [ null, '*' ]
10 silly lockFile b60c54de-ios-sim ios-sim@*
11 verbose lock ios-sim@* /Users/Stephen/.npm/b60c54de-ios-sim.lock
12 silly addNameRange { name: 'ios-sim', range: '*', hasData: false }
13 verbose mapToRegistry name ios-sim
14 verbose mapToRegistry uri https://registry.npmjs.org/ios-sim
15 verbose request on initialization, where is /ios-sim
16 verbose request after pass 1, where is /ios-sim
17 verbose request url raw /ios-sim
18 verbose request resolving registry [ 'https://registry.npmjs.org/', './ios-sim' ]
19 verbose request after pass 2, where is https://registry.npmjs.org/ios-sim
20 verbose request no auth needed
21 info attempt registry request try #1 at 03:24:18
22 verbose request id 6597f8c865f9ab8d
23 http request GET https://registry.npmjs.org/ios-sim
24 http 200 https://registry.npmjs.org/ios-sim
25 silly registry.get cb [ 200,
25 silly registry.get   { date: 'Sun, 21 Sep 2014 07:24:18 GMT',
25 silly registry.get     server: 'CouchDB/1.5.0 (Erlang OTP/R16B03)',
25 silly registry.get     etag: '"7SZH0Q8KKG7LWMEVVASNF447F"',
25 silly registry.get     'content-type': 'application/json',
25 silly registry.get     'cache-control': 'max-age=60',
25 silly registry.get     'content-length': '10806',
25 silly registry.get     'accept-ranges': 'bytes',
25 silly registry.get     via: '1.1 varnish',
25 silly registry.get     age: '0',
25 silly registry.get     'x-served-by': 'cache-jfk1034-JFK',
25 silly registry.get     'x-cache': 'MISS',
25 silly registry.get     'x-cache-hits': '0',
25 silly registry.get     'x-timer': 'S1411284258.663903,VS0,VE77',
25 silly registry.get     vary: 'Accept',
25 silly registry.get     'keep-alive': 'timeout=10, max=50',
25 silly registry.get     connection: 'Keep-Alive' } ]
26 silly addNameRange number 2 { name: 'ios-sim', range: '*', hasData: true }
27 silly addNameRange versions [ 'ios-sim',
27 silly addNameRange   [ '1.8.0', '1.8.1', '1.8.2', '1.9.0', '2.0.0', '2.0.1' ] ]
28 verbose addNamed [ 'ios-sim', '2.0.1' ]
29 verbose addNamed [ '2.0.1', '2.0.1' ]
30 silly lockFile c13d98a8-ios-sim-2-0-1 ios-sim@2.0.1
31 verbose lock ios-sim@2.0.1 /Users/Stephen/.npm/c13d98a8-ios-sim-2-0-1.lock
32 silly lockFile 1e2961a4-js-org-ios-sim-ios-sim-2-0-1-tgz https://registry.npmjs.org/ios-sim/-/ios-sim-2.0.1.tgz
33 verbose lock https://registry.npmjs.org/ios-sim/-/ios-sim-2.0.1.tgz /Users/Stephen/.npm/1e2961a4-js-org-ios-sim-ios-sim-2-0-1-tgz.lock
34 verbose addRemoteTarball [ 'https://registry.npmjs.org/ios-sim/-/ios-sim-2.0.1.tgz',
34 verbose addRemoteTarball   '764ce4f069ba4b2301ce2e4ae539510e839c95d1' ]
35 info retry fetch attempt 1 at 03:24:19
36 info attempt registry request try #1 at 03:24:19
37 http fetch GET https://registry.npmjs.org/ios-sim/-/ios-sim-2.0.1.tgz
38 http fetch 200 https://registry.npmjs.org/ios-sim/-/ios-sim-2.0.1.tgz
39 silly fetchAndShaCheck shasum 764ce4f069ba4b2301ce2e4ae539510e839c95d1
40 silly lockFile 1e2961a4-js-org-ios-sim-ios-sim-2-0-1-tgz https://registry.npmjs.org/ios-sim/-/ios-sim-2.0.1.tgz
41 silly lockFile 1e2961a4-js-org-ios-sim-ios-sim-2-0-1-tgz https://registry.npmjs.org/ios-sim/-/ios-sim-2.0.1.tgz
42 silly lockFile c13d98a8-ios-sim-2-0-1 ios-sim@2.0.1
43 silly lockFile c13d98a8-ios-sim-2-0-1 ios-sim@2.0.1
44 silly lockFile b60c54de-ios-sim ios-sim@*
45 silly lockFile b60c54de-ios-sim ios-sim@*
46 silly resolved [ { name: 'ios-sim',
46 silly resolved     version: '2.0.1',
46 silly resolved     description: 'launch iOS apps into the iOS Simulator from the command line (Xcode 5.1)',
46 silly resolved     main: 'ios-sim',
46 silly resolved     scripts: { preinstall: 'rake build' },
46 silly resolved     bin: { 'ios-sim': 'build/Release/ios-sim' },
46 silly resolved     repository: { type: 'git', url: 'https://github.com/phonegap/ios-sim' },
46 silly resolved     keywords: [ 'ios-sim', 'iOS Simulator' ],
46 silly resolved     author: { name: 'Landon Fuller, Jeff Haynie, Eloy Duran, Shazron Abdullah' },
46 silly resolved     license: 'MIT',
46 silly resolved     gitHead: 'a695e873e453db8e9c1e3a18fb000547fa3cb721',
46 silly resolved     bugs: { url: 'https://github.com/phonegap/ios-sim/issues' },
46 silly resolved     homepage: 'https://github.com/phonegap/ios-sim',
46 silly resolved     _id: 'ios-sim@2.0.1',
46 silly resolved     _shasum: '764ce4f069ba4b2301ce2e4ae539510e839c95d1',
46 silly resolved     _from: 'ios-sim@*',
46 silly resolved     _npmVersion: '1.4.14',
46 silly resolved     _npmUser: { name: 'shazron', email: 'shazron@gmail.com' },
46 silly resolved     maintainers: [ [Object] ],
46 silly resolved     dist:
46 silly resolved      { shasum: '764ce4f069ba4b2301ce2e4ae539510e839c95d1',
46 silly resolved        tarball: 'http://registry.npmjs.org/ios-sim/-/ios-sim-2.0.1.tgz' },
46 silly resolved     directories: {},
46 silly resolved     _resolved: 'https://registry.npmjs.org/ios-sim/-/ios-sim-2.0.1.tgz' } ]
47 info install ios-sim@2.0.1 into /usr/lib
48 info installOne ios-sim@2.0.1
49 verbose lib/node_modules/ios-sim unbuild
50 verbose gentlyRm vacuuming /usr/lib/node_modules/ios-sim
51 verbose tar unpack /Users/Stephen/.npm/ios-sim/2.0.1/package.tgz
52 silly lockFile a8e7a581-tar-usr-lib-node-modules-ios-sim tar:///usr/lib/node_modules/ios-sim
53 verbose lock tar:///usr/lib/node_modules/ios-sim /Users/Stephen/.npm/a8e7a581-tar-usr-lib-node-modules-ios-sim.lock
54 silly lockFile 3f9c234f-en-npm-ios-sim-2-0-1-package-tgz tar:///Users/Stephen/.npm/ios-sim/2.0.1/package.tgz
55 verbose lock tar:///Users/Stephen/.npm/ios-sim/2.0.1/package.tgz /Users/Stephen/.npm/3f9c234f-en-npm-ios-sim-2-0-1-package-tgz.lock
56 verbose gentlyRm vacuuming /usr/lib/node_modules/ios-sim
57 silly gunzTarPerm modes [ '755', '644' ]
58 verbose fstream_path /usr/lib/node_modules/ios-sim
59 verbose fstream_type Directory
60 verbose fstream_class DirWriter
61 verbose stack Error: EACCES, mkdir '/usr/lib/node_modules/ios-sim'
62 verbose fstream_stack /usr/local/lib/node_modules/npm/node_modules/fstream/lib/dir-writer.js:36:23
62 verbose fstream_stack /usr/local/lib/node_modules/npm/node_modules/mkdirp/index.js:46:53
62 verbose fstream_stack Object.oncomplete (fs.js:107:15)
63 verbose cwd /Users/Stephen/Dropbox/Github/Hydratr/Hydratr
64 error Darwin 13.3.0
65 error argv "node" "/usr/local/bin/npm" "install" "-g" "ios-sim"
66 error node v0.10.20
67 error npm  v2.0.0
68 error path /usr/lib/node_modules/ios-sim
69 error code EACCES
70 error errno 3
71 error Error: EACCES, mkdir '/usr/lib/node_modules/ios-sim'
71 error  { [Error: EACCES, mkdir '/usr/lib/node_modules/ios-sim']
71 error   errno: 3,
71 error   code: 'EACCES',
71 error   path: '/usr/lib/node_modules/ios-sim',
71 error   fstream_type: 'Directory',
71 error   fstream_path: '/usr/lib/node_modules/ios-sim',
71 error   fstream_class: 'DirWriter',
71 error   fstream_stack:
71 error    [ '/usr/local/lib/node_modules/npm/node_modules/fstream/lib/dir-writer.js:36:23',
71 error      '/usr/local/lib/node_modules/npm/node_modules/mkdirp/index.js:46:53',
71 error      'Object.oncomplete (fs.js:107:15)' ] }
72 error Please try running this command again as root/Administrator.
73 verbose exit [ 3, true ]
